0 info it worked if it ends with ok
1 verbose cli [ '/usr/local/Cellar/node/7.5.0/bin/node',
1 verbose cli   '/usr/local/bin/npm',
1 verbose cli   'start' ]
2 info using npm@4.1.2
3 info using node@v7.5.0
4 verbose run-script [ 'prestart', 'start', 'poststart' ]
5 info lifecycle reduxapp@0.0.0~prestart: reduxapp@0.0.0
6 silly lifecycle reduxapp@0.0.0~prestart: no script for prestart, continuing
7 info lifecycle reduxapp@0.0.0~start: reduxapp@0.0.0
8 verbose lifecycle reduxapp@0.0.0~start: unsafe-perm in lifecycle true
9 verbose lifecycle reduxapp@0.0.0~start: PATH: /usr/local/lib/node_modules/npm/bin/node-gyp-bin:/Users/ralphminor/projects/02_Post_Galv_Practice/31_React_Redux_ShoppingCart_Tutorial/02_React_Redux_ShoppingCart_Universal/React_Redux_ShoppingCart_Universal/App/node_modules/.bin:/Users/ralphminor/.rvm/gems/ruby-2.4.0/bin:/Users/ralphminor/.rvm/gems/ruby-2.4.0@global/bin:/Users/ralphminor/.rvm/rubies/ruby-2.4.0/bin:/Users/ralphminor/.swiftenv/shims:/usr/local/bin:/usr/local/sbin:/usr/bin:/bin:/usr/sbin:/sbin:/Users/ralphminor/.rvm/gems/ruby-2.4.0/bin:/Users/ralphminor/.rvm/gems/ruby-2.4.0@global/bin:/Users/ralphminor/.rvm/rubies/ruby-2.4.0/bin:/Users/ralphminor/.sdkman/candidates/grails/current/bin:/Users/ralphminor/.swiftenv/shims:/Users/ralphminor/.rvm/bin:/Users/ralphminor/.rvm/bin
10 verbose lifecycle reduxapp@0.0.0~start: CWD: /Users/ralphminor/projects/02_Post_Galv_Practice/31_React_Redux_ShoppingCart_Tutorial/02_React_Redux_ShoppingCart_Universal/React_Redux_ShoppingCart_Universal/App
11 silly lifecycle reduxapp@0.0.0~start: Args: [ '-c', 'node ./bin/www & node apiServer.js' ]
12 silly lifecycle reduxapp@0.0.0~start: Returned: code: 143  signal: null
13 info lifecycle reduxapp@0.0.0~start: Failed to exec start script
14 verbose stack Error: reduxapp@0.0.0 start: `node ./bin/www & node apiServer.js`
14 verbose stack Exit status 143
14 verbose stack     at EventEmitter.<anonymous> (/usr/local/lib/node_modules/npm/lib/utils/lifecycle.js:279:16)
14 verbose stack     at emitTwo (events.js:106:13)
14 verbose stack     at EventEmitter.emit (events.js:192:7)
14 verbose stack     at ChildProcess.<anonymous> (/usr/local/lib/node_modules/npm/lib/utils/spawn.js:40:14)
14 verbose stack     at emitTwo (events.js:106:13)
14 verbose stack     at ChildProcess.emit (events.js:192:7)
14 verbose stack     at maybeClose (internal/child_process.js:890:16)
14 verbose stack     at Process.ChildProcess._handle.onexit (internal/child_process.js:226:5)
15 verbose pkgid reduxapp@0.0.0
16 verbose cwd /Users/ralphminor/projects/02_Post_Galv_Practice/31_React_Redux_ShoppingCart_Tutorial/02_React_Redux_ShoppingCart_Universal/React_Redux_ShoppingCart_Universal/App
17 error Darwin 16.6.0
18 error argv "/usr/local/Cellar/node/7.5.0/bin/node" "/usr/local/bin/npm" "start"
19 error node v7.5.0
20 error npm  v4.1.2
21 error code ELIFECYCLE
22 error reduxapp@0.0.0 start: `node ./bin/www & node apiServer.js`
22 error Exit status 143
23 error Failed at the reduxapp@0.0.0 start script 'node ./bin/www & node apiServer.js'.
23 error Make sure you have the latest version of node.js and npm installed.
23 error If you do, this is most likely a problem with the reduxapp package,
23 error not with npm itself.
23 error Tell the author that this fails on your system:
23 error     node ./bin/www & node apiServer.js
23 error You can get information on how to open an issue for this project with:
23 error     npm bugs reduxapp
23 error Or if that isn't available, you can get their info via:
23 error     npm owner ls reduxapp
23 error There is likely additional logging output above.
24 verbose exit [ 1, true ]
